# JRE version: OpenJDK Runtime Environment Temurin-21.0.9+10 (21.0.9+10) (build 21.0.9+10-LTS)
# Java VM: OpenJDK 64-Bit Server VM Temurin-21.0.9+10 (21.0.9+10-LTS, mixed mode, sharing, tiered, compressed oops, compressed class ptrs, parallel gc, windows-amd64)
GC Precious Log:
 CardTable entry size: 512
 CPUs: 8 total, 8 available
 Memory: 16017M
 Large Page Support: Disabled
 NUMA Support: Disabled
 Compressed Oops: Enabled (32-bit)
 Alignments: Space 512K, Generation 512K, Heap 2M
 Heap Min Capacity: 100M
 Heap Initial Capacity: 100M
 Heap Max Capacity: 2G
 Pre-touch: Disabled
 Parallel Workers: 8
Heap:
 PSYoungGen      total 22528K, used 20304K [0x00000000d5580000, 0x00000000d6f80000, 0x0000000100000000)
  eden space 22016K, 92% used [0x00000000d5580000,0x00000000d6954140,0x00000000d6b00000)
  from space 512K, 0% used [0x00000000d6f00000,0x00000000d6f00000,0x00000000d6f80000)
  to   space 1024K, 0% used [0x00000000d6d80000,0x00000000d6d80000,0x00000000d6e80000)
 ParOldGen       total 68608K, used 18723K [0x0000000080000000, 0x0000000084300000, 0x00000000d5580000)
  object space 68608K, 27% used [0x0000000080000000,0x0000000081248cf8,0x0000000084300000)
 Metaspace       used 36751K, committed 37824K, reserved 1114112K
  class space    used 3895K, committed 4352K, reserved 1048576K
GC Heap History (20 events):
Event: 5.737 GC heap before
{Heap before GC invocations=7 (full 0):
 PSYoungGen      total 29696K, used 23796K [0x00000000d5580000, 0x00000000d7880000, 0x0000000100000000)
  eden space 24576K, 76% used [0x00000000d5580000,0x00000000d67f4d68,0x00000000d6d80000)
  from space 5120K, 95% used [0x00000000d7380000,0x00000000d7848600,0x00000000d7880000)
  to   space 5120K, 0% used [0x00000000d6e80000,0x00000000d6e80000,0x00000000d7380000)
 ParOldGen       total 68608K, used 7750K [0x0000000080000000, 0x0000000084300000, 0x00000000d5580000)
  object space 68608K, 11% used [0x0000000080000000,0x0000000080791800,0x0000000084300000)
 Metaspace       used 20560K, committed 21504K, reserved 1114112K
  class space    used 2206K, committed 2624K, reserved 1048576K
}
Event: 5.742 GC heap after
{Heap after GC invocations=7 (full 0):
 PSYoungGen      total 29184K, used 4594K [0x00000000d5580000, 0x00000000d7780000, 0x0000000100000000)
  eden space 24576K, 0% used [0x00000000d5580000,0x00000000d5580000,0x00000000d6d80000)
  from space 4608K, 99% used [0x00000000d6e80000,0x00000000d72fc9f8,0x00000000d7300000)
  to   space 4608K, 0% used [0x00000000d7300000,0x00000000d7300000,0x00000000d7780000)
 ParOldGen       total 68608K, used 9297K [0x0000000080000000, 0x0000000084300000, 0x00000000d5580000)
  object space 68608K, 13% used [0x0000000080000000,0x0000000080914778,0x0000000084300000)
 Metaspace       used 20560K, committed 21504K, reserved 1114112K
  class space    used 2206K, committed 2624K, reserved 1048576K
}
Event: 5.742 GC heap before
{Heap before GC invocations=8 (full 1):
 PSYoungGen      total 29184K, used 4594K [0x00000000d5580000, 0x00000000d7780000, 0x0000000100000000)
  eden space 24576K, 0% used [0x00000000d5580000,0x00000000d5580000,0x00000000d6d80000)
  from space 4608K, 99% used [0x00000000d6e80000,0x00000000d72fc9f8,0x00000000d7300000)
  to   space 4608K, 0% used [0x00000000d7300000,0x00000000d7300000,0x00000000d7780000)
 ParOldGen       total 68608K, used 9297K [0x0000000080000000, 0x0000000084300000, 0x00000000d5580000)
  object space 68608K, 13% used [0x0000000080000000,0x0000000080914778,0x0000000084300000)
 Metaspace       used 20560K, committed 21504K, reserved 1114112K
  class space    used 2206K, committed 2624K, reserved 1048576K
}
Event: 5.784 GC heap after
{Heap after GC invocations=8 (full 1):
 PSYoungGen      total 29184K, used 0K [0x00000000d5580000, 0x00000000d7780000, 0x0000000100000000)
  eden space 24576K, 0% used [0x00000000d5580000,0x00000000d5580000,0x00000000d6d80000)
  from space 4608K, 0% used [0x00000000d6e80000,0x00000000d6e80000,0x00000000d7300000)
  to   space 4608K, 0% used [0x00000000d7300000,0x00000000d7300000,0x00000000d7780000)
 ParOldGen       total 68608K, used 13248K [0x0000000080000000, 0x0000000084300000, 0x00000000d5580000)
  object space 68608K, 19% used [0x0000000080000000,0x0000000080cf0298,0x0000000084300000)
 Metaspace       used 20548K, committed 21504K, reserved 1114112K
  class space    used 2202K, committed 2624K, reserved 1048576K
}
Event: 6.275 GC heap before
{Heap before GC invocations=9 (full 1):
 PSYoungGen      total 29184K, used 24576K [0x00000000d5580000, 0x00000000d7780000, 0x0000000100000000)
  eden space 24576K, 100% used [0x00000000d5580000,0x00000000d6d80000,0x00000000d6d80000)
  from space 4608K, 0% used [0x00000000d6e80000,0x00000000d6e80000,0x00000000d7300000)
  to   space 4608K, 0% used [0x00000000d7300000,0x00000000d7300000,0x00000000d7780000)
 ParOldGen       total 68608K, used 13248K [0x0000000080000000, 0x0000000084300000, 0x00000000d5580000)
  object space 68608K, 19% used [0x0000000080000000,0x0000000080cf0298,0x0000000084300000)
 Metaspace       used 22715K, committed 23616K, reserved 1114112K
  class space    used 2386K, committed 2752K, reserved 1048576K
}
Event: 6.277 GC heap after
{Heap after GC invocations=9 (full 1):
 PSYoungGen      total 25088K, used 989K [0x00000000d5580000, 0x00000000d7400000, 0x0000000100000000)
  eden space 24064K, 0% used [0x00000000d5580000,0x00000000d5580000,0x00000000d6d00000)
  from space 1024K, 96% used [0x00000000d7300000,0x00000000d73f74e0,0x00000000d7400000)
  to   space 2560K, 0% used [0x00000000d6f00000,0x00000000d6f00000,0x00000000d7180000)
 ParOldGen       total 68608K, used 13256K [0x0000000080000000, 0x0000000084300000, 0x00000000d5580000)
  object space 68608K, 19% used [0x0000000080000000,0x0000000080cf2298,0x0000000084300000)
 Metaspace       used 22715K, committed 23616K, reserved 1114112K
  class space    used 2386K, committed 2752K, reserved 1048576K
}
Event: 6.593 GC heap before
{Heap before GC invocations=10 (full 1):
 PSYoungGen      total 25088K, used 25053K [0x00000000d5580000, 0x00000000d7400000, 0x0000000100000000)
  eden space 24064K, 100% used [0x00000000d5580000,0x00000000d6d00000,0x00000000d6d00000)
  from space 1024K, 96% used [0x00000000d7300000,0x00000000d73f74e0,0x00000000d7400000)
  to   space 2560K, 0% used [0x00000000d6f00000,0x00000000d6f00000,0x00000000d7180000)
 ParOldGen       total 68608K, used 13256K [0x0000000080000000, 0x0000000084300000, 0x00000000d5580000)
  object space 68608K, 19% used [0x0000000080000000,0x0000000080cf2298,0x0000000084300000)
 Metaspace       used 26334K, committed 27328K, reserved 1114112K
  class space    used 2654K, committed 3072K, reserved 1048576K
}
Event: 6.594 GC heap after
{Heap after GC invocations=10 (full 1):
 PSYoungGen      total 26112K, used 1294K [0x00000000d5580000, 0x00000000d7380000, 0x0000000100000000)
  eden space 23552K, 0% used [0x00000000d5580000,0x00000000d5580000,0x00000000d6c80000)
  from space 2560K, 50% used [0x00000000d6f00000,0x00000000d7043bc8,0x00000000d7180000)
  to   space 1536K, 0% used [0x00000000d7200000,0x00000000d7200000,0x00000000d7380000)
 ParOldGen       total 68608K, used 13256K [0x0000000080000000, 0x0000000084300000, 0x00000000d5580000)
  object space 68608K, 19% used [0x0000000080000000,0x0000000080cf2298,0x0000000084300000)
 Metaspace       used 26334K, committed 27328K, reserved 1114112K
  class space    used 2654K, committed 3072K, reserved 1048576K
}
Event: 7.020 GC heap before
{Heap before GC invocations=11 (full 1):
 PSYoungGen      total 26112K, used 24846K [0x00000000d5580000, 0x00000000d7380000, 0x0000000100000000)
  eden space 23552K, 100% used [0x00000000d5580000,0x00000000d6c80000,0x00000000d6c80000)
  from space 2560K, 50% used [0x00000000d6f00000,0x00000000d7043bc8,0x00000000d7180000)
  to   space 1536K, 0% used [0x00000000d7200000,0x00000000d7200000,0x00000000d7380000)
 ParOldGen       total 68608K, used 13256K [0x0000000080000000, 0x0000000084300000, 0x00000000d5580000)
  object space 68608K, 19% used [0x0000000080000000,0x0000000080cf2298,0x0000000084300000)
 Metaspace       used 27783K, committed 28800K, reserved 1114112K
  class space    used 2764K, committed 3136K, reserved 1048576K
}
Event: 7.024 GC heap after
{Heap after GC invocations=11 (full 1):
 PSYoungGen      total 24576K, used 1531K [0x00000000d5580000, 0x00000000d7400000, 0x0000000100000000)
  eden space 23040K, 0% used [0x00000000d5580000,0x00000000d5580000,0x00000000d6c00000)
  from space 1536K, 99% used [0x00000000d7200000,0x00000000d737eda0,0x00000000d7380000)
  to   space 4096K, 0% used [0x00000000d6c00000,0x00000000d6c00000,0x00000000d7000000)
 ParOldGen       total 68608K, used 15033K [0x0000000080000000, 0x0000000084300000, 0x00000000d5580000)
  object space 68608K, 21% used [0x0000000080000000,0x0000000080eae780,0x0000000084300000)
 Metaspace       used 27783K, committed 28800K, reserved 1114112K
  class space    used 2764K, committed 3136K, reserved 1048576K
}
Event: 7.371 GC heap before
{Heap before GC invocations=12 (full 1):
 PSYoungGen      total 24576K, used 24571K [0x00000000d5580000, 0x00000000d7400000, 0x0000000100000000)
  eden space 23040K, 100% used [0x00000000d5580000,0x00000000d6c00000,0x00000000d6c00000)
  from space 1536K, 99% used [0x00000000d7200000,0x00000000d737eda0,0x00000000d7380000)
  to   space 4096K, 0% used [0x00000000d6c00000,0x00000000d6c00000,0x00000000d7000000)
 ParOldGen       total 68608K, used 15033K [0x0000000080000000, 0x0000000084300000, 0x00000000d5580000)
  object space 68608K, 21% used [0x0000000080000000,0x0000000080eae780,0x0000000084300000)
 Metaspace       used 31294K, committed 32256K, reserved 1114112K
  class space    used 3195K, committed 3584K, reserved 1048576K
}
Event: 7.374 GC heap after
{Heap after GC invocations=12 (full 1):
 PSYoungGen      total 26624K, used 1378K [0x00000000d5580000, 0x00000000d7280000, 0x0000000100000000)
  eden space 22528K, 0% used [0x00000000d5580000,0x00000000d5580000,0x00000000d6b80000)
  from space 4096K, 33% used [0x00000000d6c00000,0x00000000d6d58b10,0x00000000d7000000)
  to   space 2560K, 0% used [0x00000000d7000000,0x00000000d7000000,0x00000000d7280000)
 ParOldGen       total 68608K, used 16461K [0x0000000080000000, 0x0000000084300000, 0x00000000d5580000)
  object space 68608K, 23% used [0x0000000080000000,0x00000000810135a8,0x0000000084300000)
 Metaspace       used 31294K, committed 32256K, reserved 1114112K
  class space    used 3195K, committed 3584K, reserved 1048576K
}
Event: 7.671 GC heap before
{Heap before GC invocations=13 (full 1):
 PSYoungGen      total 26624K, used 23906K [0x00000000d5580000, 0x00000000d7280000, 0x0000000100000000)
  eden space 22528K, 100% used [0x00000000d5580000,0x00000000d6b80000,0x00000000d6b80000)
  from space 4096K, 33% used [0x00000000d6c00000,0x00000000d6d58b10,0x00000000d7000000)
  to   space 2560K, 0% used [0x00000000d7000000,0x00000000d7000000,0x00000000d7280000)
 ParOldGen       total 68608K, used 16461K [0x0000000080000000, 0x0000000084300000, 0x00000000d5580000)
  object space 68608K, 23% used [0x0000000080000000,0x00000000810135a8,0x0000000084300000)
 Metaspace       used 33122K, committed 34176K, reserved 1114112K
  class space    used 3436K, committed 3904K, reserved 1048576K
}
Event: 7.674 GC heap after
{Heap after GC invocations=13 (full 1):
 PSYoungGen      total 23552K, used 1483K [0x00000000d5580000, 0x00000000d7180000, 0x0000000100000000)
  eden space 22016K, 0% used [0x00000000d5580000,0x00000000d5580000,0x00000000d6b00000)
  from space 1536K, 96% used [0x00000000d7000000,0x00000000d7172f58,0x00000000d7180000)
  to   space 2048K, 0% used [0x00000000d6d80000,0x00000000d6d80000,0x00000000d6f80000)
 ParOldGen       total 68608K, used 17714K [0x0000000080000000, 0x0000000084300000, 0x00000000d5580000)
  object space 68608K, 25% used [0x0000000080000000,0x000000008114c8c0,0x0000000084300000)
 Metaspace       used 33122K, committed 34176K, reserved 1114112K
  class space    used 3436K, committed 3904K, reserved 1048576K
}
Event: 7.789 GC heap before
{Heap before GC invocations=14 (full 1):
 PSYoungGen      total 23552K, used 15763K [0x00000000d5580000, 0x00000000d7180000, 0x0000000100000000)
  eden space 22016K, 64% used [0x00000000d5580000,0x00000000d6372050,0x00000000d6b00000)
  from space 1536K, 96% used [0x00000000d7000000,0x00000000d7172f58,0x00000000d7180000)
  to   space 2048K, 0% used [0x00000000d6d80000,0x00000000d6d80000,0x00000000d6f80000)
 ParOldGen       total 68608K, used 17714K [0x0000000080000000, 0x0000000084300000, 0x00000000d5580000)
  object space 68608K, 25% used [0x0000000080000000,0x000000008114c8c0,0x0000000084300000)
 Metaspace       used 34781K, committed 35904K, reserved 1114112K
  class space    used 3627K, committed 4096K, reserved 1048576K
}
Event: 7.791 GC heap after
{Heap after GC invocations=14 (full 1):
 PSYoungGen      total 23040K, used 903K [0x00000000d5580000, 0x00000000d7080000, 0x0000000100000000)
  eden space 22016K, 0% used [0x00000000d5580000,0x00000000d5580000,0x00000000d6b00000)
  from space 1024K, 88% used [0x00000000d6d80000,0x00000000d6e61d38,0x00000000d6e80000)
  to   space 1536K, 0% used [0x00000000d6f00000,0x00000000d6f00000,0x00000000d7080000)
 ParOldGen       total 68608K, used 18853K [0x0000000080000000, 0x0000000084300000, 0x00000000d5580000)
  object space 68608K, 27% used [0x0000000080000000,0x0000000081269610,0x0000000084300000)
 Metaspace       used 34781K, committed 35904K, reserved 1114112K
  class space    used 3627K, committed 4096K, reserved 1048576K
}
Event: 7.806 GC heap before
{Heap before GC invocations=15 (full 1):
 PSYoungGen      total 23040K, used 3009K [0x00000000d5580000, 0x00000000d7080000, 0x0000000100000000)
  eden space 22016K, 9% used [0x00000000d5580000,0x00000000d578e7c8,0x00000000d6b00000)
  from space 1024K, 88% used [0x00000000d6d80000,0x00000000d6e61d38,0x00000000d6e80000)
  to   space 1536K, 0% used [0x00000000d6f00000,0x00000000d6f00000,0x00000000d7080000)
 ParOldGen       total 68608K, used 18853K [0x0000000080000000, 0x0000000084300000, 0x00000000d5580000)
  object space 68608K, 27% used [0x0000000080000000,0x0000000081269610,0x0000000084300000)
 Metaspace       used 35018K, committed 36160K, reserved 1114112K
  class space    used 3666K, committed 4160K, reserved 1048576K
}
Event: 7.807 GC heap after
{Heap after GC invocations=15 (full 1):
 PSYoungGen      total 22528K, used 240K [0x00000000d5580000, 0x00000000d6f80000, 0x0000000100000000)
  eden space 22016K, 0% used [0x00000000d5580000,0x00000000d5580000,0x00000000d6b00000)
  from space 512K, 46% used [0x00000000d6f00000,0x00000000d6f3c010,0x00000000d6f80000)
  to   space 1024K, 0% used [0x00000000d6d80000,0x00000000d6d80000,0x00000000d6e80000)
 ParOldGen       total 68608K, used 19560K [0x0000000080000000, 0x0000000084300000, 0x00000000d5580000)
  object space 68608K, 28% used [0x0000000080000000,0x000000008131a1b0,0x0000000084300000)
 Metaspace       used 35018K, committed 36160K, reserved 1114112K
  class space    used 3666K, committed 4160K, reserved 1048576K
}
Event: 7.807 GC heap before
{Heap before GC invocations=16 (full 2):
 PSYoungGen      total 22528K, used 240K [0x00000000d5580000, 0x00000000d6f80000, 0x0000000100000000)
  eden space 22016K, 0% used [0x00000000d5580000,0x00000000d5580000,0x00000000d6b00000)
  from space 512K, 46% used [0x00000000d6f00000,0x00000000d6f3c010,0x00000000d6f80000)
  to   space 1024K, 0% used [0x00000000d6d80000,0x00000000d6d80000,0x00000000d6e80000)
 ParOldGen       total 68608K, used 19560K [0x0000000080000000, 0x0000000084300000, 0x00000000d5580000)
  object space 68608K, 28% used [0x0000000080000000,0x000000008131a1b0,0x0000000084300000)
 Metaspace       used 35018K, committed 36160K, reserved 1114112K
  class space    used 3666K, committed 4160K, reserved 1048576K
}
Event: 7.861 GC heap after
{Heap after GC invocations=16 (full 2):
 PSYoungGen      total 22528K, used 0K [0x00000000d5580000, 0x00000000d6f80000, 0x0000000100000000)
  eden space 22016K, 0% used [0x00000000d5580000,0x00000000d5580000,0x00000000d6b00000)
  from space 512K, 0% used [0x00000000d6f00000,0x00000000d6f00000,0x00000000d6f80000)
  to   space 1024K, 0% used [0x00000000d6d80000,0x00000000d6d80000,0x00000000d6e80000)
 ParOldGen       total 68608K, used 18723K [0x0000000080000000, 0x0000000084300000, 0x00000000d5580000)
  object space 68608K, 27% used [0x0000000080000000,0x0000000081248cf8,0x0000000084300000)
 Metaspace       used 35018K, committed 36160K, reserved 1114112K
  class space    used 3666K, committed 4160K, reserved 1048576K
}

